<?xml version="1.0" encoding="UTF-8"?>
<!-- Generated by org.testng.reporters.JUnitReportReporter -->
<testsuite hostname="LAPTOP-IJLND83U" failures="0" tests="3" name="com.crm.assginment.Practice" time="0.021" errors="0" timestamp="2022-07-18T16:09:56 IST" skipped="0">
  <testcase classname="com.crm.assginment.Practice" name="pratice2" time="0.002"/>
  <system-out/>
  <testcase classname="com.crm.assginment.Practice" name="pratice" time="0.016"/>
  <system-out/>
  <testcase classname="com.crm.assginment.Practice" name="pratice1" time="0.003"/>
  <system-out/>
</testsuite> <!-- com.crm.assginment.Practice -->
